<?xml version="1.0" ?>
<!DOCTYPE coverage SYSTEM "http://cobertura.sourceforge.net/xml/coverage-04.dtd">
<coverage lines-valid="8"  lines-covered="8"  line-rate="1"  branches-valid="4"  branches-covered="4"  branch-rate="1"  timestamp="1439716737196" complexity="0" version="0.1">
<sources>
	<source>/extended/rcosnita/workspace_js_tutorials/jasmine-karma-tutorial</source>
</sources>
<packages>
	<package name="src"  line-rate="1"  branch-rate="1" >
	<classes>
		<class name="components.js"  filename="src/components.js"  line-rate="1"  branch-rate="1" >
		<methods>
			<method name="(anonymous_1)"  hits="1"  signature="()V" >
				<lines><line number="1"  hits="1" /></lines>
			</method>
			<method name="FirstClass"  hits="2"  signature="()V" >
				<lines><line number="4"  hits="2" /></lines>
			</method>
			<method name="(anonymous_3)"  hits="4"  signature="()V" >
				<lines><line number="6"  hits="4" /></lines>
			</method>
		</methods>
		<lines>
			<line number="1"  hits="1"  branch="false" />
			<line number="2"  hits="1"  branch="false" />
			<line number="4"  hits="1"  branch="false" />
			<line number="6"  hits="1"  branch="false" />
			<line number="7"  hits="4"  branch="true"  condition-coverage="100% (4/4)" />
			<line number="8"  hits="2"  branch="false" />
			<line number="11"  hits="2"  branch="false" />
			<line number="14"  hits="1"  branch="false" />
		</lines>
		</class>
	</classes>
	</package>
</packages>
</coverage>
